<<<================= 01/12/2012 08:35:10 - Plimus Order # ==================>>>
transactionType: 
testMode: 
referenceNumber: 
originalReferenceNumber: 
paymentMethod: 
creditCardType: 
transactionDate: 
untilDate: 
productId: 
productName: 
contractId: 
contractName: 
contractOwner: 
contractPrice: 
quantity: 
currency: 
addCD: 
coupon: 
couponValue: 
referrer: 
promoteContractsNum: 
accountId: 
title: 
firstName: 
lastName: 
company: 
address1: 
address2: 
city: 
state: 
country: 
zipCode: 
email: 
workPhone: 
extension: 
mobilePhone: 
homePhone: 
faxNumber: 
licenseKey: 
shippingFirstName: 
shippingLastName: 
shippingAddress1: 
shippingAddress2: 
shippingCity: 
shippingState: 
shippingCountry: 
shippingZipCode: 
remoteAddress: 
shippingMethod: 
couponCode: 
invoiceAmount: 
invoiceInfoURL:  
<<<================= End Of Plimus Order # ==================>>> 
